\BOOKMARK [1][-]{section.1}{\376\377\000I\000n\000t\000r\000o\000d\000u\000c\000t\000i\000o\000n}{}% 1
\BOOKMARK [1][-]{section.2}{\376\377\000R\000e\000l\000a\000t\000e\000d\000\040\000W\000o\000r\000k}{}% 2
\BOOKMARK [1][-]{section.3}{\376\377\000T\000h\000e\000\040\000G\000r\000o\000u\000n\000d\000e\000d\000-\000F\000e\000e\000d\000b\000a\000c\000k\000\040\000F\000r\000a\000m\000e\000w\000o\000r\000k}{}% 3
\BOOKMARK [2][-]{subsection.3.1}{\376\377\000A\000\040\000f\000e\000e\000d\000b\000a\000c\000k\000\040\000t\000a\000x\000o\000n\000o\000m\000y\000\040\000b\000y\000\040\000g\000r\000o\000u\000n\000d\000i\000n\000g}{section.3}% 4
\BOOKMARK [2][-]{subsection.3.2}{\376\377\000W\000h\000y\000\040\000g\000r\000o\000u\000n\000d\000i\000n\000g\000\040\000b\000r\000e\000a\000k\000s\000\040\000t\000h\000e\000\040\000c\000e\000i\000l\000i\000n\000g\000:\000\040\000a\000\040\000D\000P\000I\000\040\000b\000o\000u\000n\000d}{section.3}% 5
\BOOKMARK [2][-]{subsection.3.3}{\376\377\000P\000r\000e\000d\000i\000c\000t\000i\000o\000n\000s}{section.3}% 6
\BOOKMARK [1][-]{section.4}{\376\377\000M\000e\000t\000h\000o\000d\000:\000\040\000A\000\040\000B\000u\000d\000g\000e\000t\000-\000A\000w\000a\000r\000e\000\040\000P\000r\000o\000p\000o\000s\000e\000r\040\023\000R\000e\000v\000i\000e\000w\000e\000r\000\040\000H\000a\000r\000n\000e\000s\000s}{}% 7
\BOOKMARK [1][-]{section.5}{\376\377\000I\000n\000t\000e\000r\000a\000c\000t\000i\000o\000n\000\040\000I\000s\000\040\000a\000\040\000D\000i\000s\000t\000i\000n\000c\000t\000,\000\040\000U\000n\000b\000o\000u\000n\000d\000e\000d\000\040\000A\000x\000i\000s}{}% 8
\BOOKMARK [1][-]{section.6}{\376\377\000T\000h\000e\000\040\000A\000c\000t\000i\000v\000e\000\040\000I\000n\000g\000r\000e\000d\000i\000e\000n\000t\000\040\000I\000s\000\040\000E\000x\000e\000c\000u\000t\000i\000o\000n\000,\000\040\000N\000o\000t\000\040\000R\000e\000v\000i\000e\000w}{}% 9
\BOOKMARK [1][-]{section.7}{\376\377\000G\000r\000o\000u\000n\000d\000i\000n\000g\000\040\000t\000h\000e\000\040\000E\000v\000a\000l\000u\000a\000t\000i\000o\000n\000:\000\040\000T\000h\000e\000\040\000G\000a\000i\000n\000\040\000I\000s\000\040\000I\000n\000v\000i\000s\000i\000b\000l\000e\000\040\000t\000o\000\040\000a\000\040\000V\000L\000M}{}% 10
\BOOKMARK [1][-]{section.8}{\376\377\000R\000o\000b\000u\000s\000t\000n\000e\000s\000s}{}% 11
\BOOKMARK [1][-]{section.9}{\376\377\000I\000n\000t\000e\000r\000n\000a\000l\000i\000z\000i\000n\000g\000\040\000t\000h\000e\000\040\000H\000a\000r\000n\000e\000s\000s\000\040\000i\000n\000t\000o\000\040\000a\000\040\000S\000m\000a\000l\000l\000\040\000S\000t\000u\000d\000e\000n\000t}{}% 12
\BOOKMARK [1][-]{section.10}{\376\377\000D\000i\000s\000c\000u\000s\000s\000i\000o\000n\000\040\000a\000n\000d\000\040\000C\000o\000n\000c\000l\000u\000s\000i\000o\000n}{}% 13
\BOOKMARK [1][-]{appendix.A}{\376\377\000D\000e\000t\000a\000i\000l\000e\000d\000\040\000R\000e\000s\000u\000l\000t\000s\000\040\000a\000n\000d\000\040\000C\000o\000n\000f\000i\000g\000u\000r\000a\000t\000i\000o\000n\000s}{}% 14
\BOOKMARK [2][-]{subsection.A.1}{\376\377\000F\000o\000u\000r\000-\000s\000t\000r\000a\000t\000e\000g\000y\000\040\000s\000c\000a\000l\000i\000n\000g\000\040\000a\000t\000\040\000a\000\040\000m\000a\000t\000c\000h\000e\000d\000\040\0002\0000\000K\000-\000t\000o\000k\000e\000n\000\040\000b\000u\000d\000g\000e\000t}{appendix.A}% 15
\BOOKMARK [2][-]{subsection.A.2}{\376\377\000R\000e\000a\000s\000o\000n\000i\000n\000g\000-\000o\000n\000l\000y\000\040\000a\000t\000\040\000a\000\040\000m\000a\000t\000c\000h\000e\000d\000\040\000b\000u\000d\000g\000e\000t}{appendix.A}% 16
\BOOKMARK [2][-]{subsection.A.3}{\376\377\000I\000n\000-\000m\000o\000d\000a\000l\000i\000t\000y\000\040\000f\000e\000e\000d\000b\000a\000c\000k\000-\000t\000y\000p\000e\000\040\000c\000o\000n\000t\000r\000o\000l\000\040\000\050\000T\000y\000p\000e\000\040\0001\000/\0002\000/\0003\000a\000\051\000\040\000o\000n\000\040\000a\000\040\000f\000i\000x\000e\000d\000\040\000c\000o\000d\000e\000\040\000s\000u\000i\000t\000e}{appendix.A}% 17
\BOOKMARK [2][-]{subsection.A.4}{\376\377\000S\000i\000n\000g\000l\000e\000-\000a\000g\000e\000n\000t\000\040\000l\000o\000o\000p\000\040\000v\000s\000.\000\040\000p\000r\000o\000p\000o\000s\000e\000r\040\023\000r\000e\000v\000i\000e\000w\000e\000r\000\040\000h\000a\000r\000n\000e\000s\000s}{appendix.A}% 18
\BOOKMARK [2][-]{subsection.A.5}{\376\377\000C\000r\000o\000s\000s\000-\000m\000o\000d\000e\000l\000\040\000r\000e\000p\000l\000i\000c\000a\000t\000i\000o\000n\000\040\000\050\000c\000o\000d\000e\000\051}{appendix.A}% 19
\BOOKMARK [2][-]{subsection.A.6}{\376\377\000H\000e\000l\000d\000-\000o\000u\000t\000\040\000g\000e\000n\000e\000r\000a\000l\000i\000z\000a\000t\000i\000o\000n\000\040\000\050\000c\000o\000d\000e\000\051}{appendix.A}% 20
\BOOKMARK [2][-]{subsection.A.7}{\376\377\000B\000u\000d\000g\000e\000t\000-\000a\000l\000l\000o\000c\000a\000t\000i\000o\000n\000\040\000s\000i\000m\000p\000l\000e\000x}{appendix.A}% 21
\BOOKMARK [2][-]{subsection.A.8}{\376\377\000T\000o\000k\000e\000n\000\040\000R\000O\000I\000\040\000b\000y\000\040\000m\000o\000d\000a\000l\000i\000t\000y}{appendix.A}% 22
\BOOKMARK [2][-]{subsection.A.9}{\376\377\000D\000i\000s\000t\000i\000l\000l\000a\000t\000i\000o\000n\000:\000\040\000h\000e\000a\000d\000l\000i\000n\000e}{appendix.A}% 23
\BOOKMARK [2][-]{subsection.A.10}{\376\377\000D\000i\000s\000t\000i\000l\000l\000a\000t\000i\000o\000n\000:\000\040\000o\000u\000t\000-\000o\000f\000-\000d\000i\000s\000t\000r\000i\000b\000u\000t\000i\000o\000n\000\040\000c\000a\000p\000a\000b\000i\000l\000i\000t\000y\000\040\000r\000a\000t\000i\000o}{appendix.A}% 24
\BOOKMARK [2][-]{subsection.A.11}{\376\377\000D\000i\000s\000t\000i\000l\000l\000a\000t\000i\000o\000n\000:\000\040\000c\000a\000p\000a\000b\000i\000l\000i\000t\000y\000\040\000U\000-\000c\000u\000r\000v\000e\000\040\000o\000v\000e\000r\000\040\000f\000o\000r\000c\000e\000-\000c\000l\000o\000s\000e\000\040\000b\000u\000d\000g\000e\000t}{appendix.A}% 25
\BOOKMARK [2][-]{subsection.A.12}{\376\377\000D\000i\000s\000t\000i\000l\000l\000a\000t\000i\000o\000n\000:\000\040\000d\000a\000t\000a\000-\000s\000c\000a\000l\000e}{appendix.A}% 26
\BOOKMARK [2][-]{subsection.A.13}{\376\377\000D\000i\000s\000t\000i\000l\000l\000a\000t\000i\000o\000n\000:\000\040\000R\000F\000T\000\040\000r\000e\000g\000r\000e\000s\000s\000e\000s\000\040\000p\000a\000s\000s\000@\0003}{appendix.A}% 27
\BOOKMARK [2][-]{subsection.A.14}{\376\377\000P\000e\000r\000-\000t\000a\000s\000k\000\040\000p\000a\000s\000s\000@\000k\000\040\000f\000o\000r\000\040\000t\000h\000e\000\040\0008\000B\000\040\000m\000a\000r\000k\000d\000o\000w\000n\000\040\000s\000t\000u\000d\000e\000n\000t}{appendix.A}% 28
\BOOKMARK [2][-]{subsection.A.15}{\376\377\000O\000r\000i\000g\000i\000n\000a\000l\000\040\000s\000i\000x\000-\000m\000o\000d\000a\000l\000i\000t\000y\000\040\000h\000o\000l\000i\000s\000t\000i\000c\000\040\000o\000v\000e\000r\000v\000i\000e\000w\000\040\000\050\000h\000i\000s\000t\000o\000r\000i\000c\000a\000l\000\051}{appendix.A}% 29
